2025-04-16 09:16:17,396 - INFO - Successfully connected to the database: /home/alrashid/Desktop/RamiChatBot/ChatBotRAG.db
2025-04-16 09:16:17,402 - INFO - Table 'chunks' created successfully.
2025-04-16 09:16:17,406 - INFO - Table 'embeddings' created successfully.
2025-04-16 09:16:17,409 - INFO - Table 'query_responses' created successfully.
2025-04-16 09:16:38,874 - INFO - Starting chunking for: [ALL DOCUMENTS]
2025-04-16 09:16:38,974 - INFO - Processed 9 chunks from /home/alrashid/Desktop/RamiChatBot/assets/docs_files/AlRashid_AlKiswane_Machine_Learning_Engineer_2025_Q2_20250416_044824_c4da5e0b.pdf
2025-04-16 09:16:39,015 - INFO - Processed 9 chunks from /home/alrashid/Desktop/RamiChatBot/assets/docs_files/AlRashid_AlKiswane_Machine_Learning_Engineer_2025_Q2_20250416_044822_834182ee.pdf
2025-04-16 09:16:39,037 - ERROR - Advanced encoding /UniJIS-UTF16-H not implemented yet
2025-04-16 09:16:39,053 - ERROR - Advanced encoding /UniJIS-UTF16-H not implemented yet
2025-04-16 09:16:39,063 - ERROR - Advanced encoding /UniJIS-UTF16-H not implemented yet
2025-04-16 09:16:39,074 - ERROR - Advanced encoding /UniJIS-UTF16-H not implemented yet
2025-04-16 09:16:39,099 - ERROR - Advanced encoding /UniJIS-UTF16-H not implemented yet
2025-04-16 09:16:39,129 - ERROR - Advanced encoding /UniJIS-UTF16-H not implemented yet
2025-04-16 09:16:39,159 - ERROR - Advanced encoding /UniJIS-UTF16-H not implemented yet
2025-04-16 09:16:39,176 - ERROR - Advanced encoding /UniJIS-UTF16-H not implemented yet
2025-04-16 09:16:39,191 - ERROR - Advanced encoding /UniJIS-UTF16-H not implemented yet
2025-04-16 09:16:39,200 - ERROR - Advanced encoding /UniJIS-UTF16-H not implemented yet
2025-04-16 09:16:39,289 - ERROR - Advanced encoding /UniJIS-UTF16-H not implemented yet
2025-04-16 09:16:39,298 - ERROR - Advanced encoding /UniJIS-UTF16-H not implemented yet
2025-04-16 09:16:39,318 - ERROR - Advanced encoding /UniJIS-UTF16-H not implemented yet
2025-04-16 09:16:39,328 - ERROR - Advanced encoding /UniJIS-UTF16-H not implemented yet
2025-04-16 09:16:39,331 - INFO - Processed 81 chunks from /home/alrashid/Desktop/RamiChatBot/assets/docs_files/COLIEE_2022_Summary__Methods_for_Legal_Document_Retrieval_and_Entailment_20250416_050731_5279e6d8.pdf
2025-04-16 09:16:39,372 - INFO - Processed 9 chunks from /home/alrashid/Desktop/RamiChatBot/assets/docs_files/AlRashid_AlKiswane_Machine_Learning_Engineer_2025_Q2_20250416_044824_efa7fb77.pdf
2025-04-16 09:16:39,409 - INFO - Processed 9 chunks from /home/alrashid/Desktop/RamiChatBot/assets/docs_files/AlRashid_AlKiswane_Machine_Learning_Engineer_2025_Q2_20250416_044824_71232bc0.pdf
2025-04-16 09:16:39,446 - INFO - Processed 9 chunks from /home/alrashid/Desktop/RamiChatBot/assets/docs_files/AlRashid_AlKiswane_Machine_Learning_Engineer_2025_Q2_20250416_044821_0d9e9678.pdf
2025-04-16 09:16:39,484 - INFO - Processed 9 chunks from /home/alrashid/Desktop/RamiChatBot/assets/docs_files/AlRashid_AlKiswane_Machine_Learning_Engineer_2025_Q2_20250416_044822_b9799021.pdf
2025-04-16 09:16:39,522 - INFO - Processed 9 chunks from /home/alrashid/Desktop/RamiChatBot/assets/docs_files/AlRashid_AlKiswane_Machine_Learning_Engineer_2025_Q2_20250416_044824_a1adfee4.pdf
2025-04-16 09:16:39,559 - INFO - Processed 9 chunks from /home/alrashid/Desktop/RamiChatBot/assets/docs_files/AlRashid_AlKiswane_Machine_Learning_Engineer_2025_Q2_20250416_044821_6fb96c9a.pdf
2025-04-16 09:16:39,785 - INFO - Processed 165 chunks from /home/alrashid/Desktop/RamiChatBot/assets/docs_files/s10506_024_09396_9_20250416_052304_6ebcd3f0.pdf
2025-04-16 09:16:39,824 - INFO - Processed 9 chunks from /home/alrashid/Desktop/RamiChatBot/assets/docs_files/AlRashid_AlKiswane_Machine_Learning_Engineer_2025_Q2_20250416_044824_687a10cd.pdf
2025-04-16 09:16:39,846 - ERROR - Advanced encoding /UniJIS-UTF16-H not implemented yet
2025-04-16 09:16:39,862 - ERROR - Advanced encoding /UniJIS-UTF16-H not implemented yet
2025-04-16 09:16:39,871 - ERROR - Advanced encoding /UniJIS-UTF16-H not implemented yet
2025-04-16 09:16:39,881 - ERROR - Advanced encoding /UniJIS-UTF16-H not implemented yet
2025-04-16 09:16:39,896 - ERROR - Advanced encoding /UniJIS-UTF16-H not implemented yet
2025-04-16 09:16:39,908 - ERROR - Advanced encoding /UniJIS-UTF16-H not implemented yet
2025-04-16 09:16:39,923 - ERROR - Advanced encoding /UniJIS-UTF16-H not implemented yet
2025-04-16 09:16:39,934 - ERROR - Advanced encoding /UniJIS-UTF16-H not implemented yet
2025-04-16 09:16:39,948 - ERROR - Advanced encoding /UniJIS-UTF16-H not implemented yet
2025-04-16 09:16:39,958 - ERROR - Advanced encoding /UniJIS-UTF16-H not implemented yet
2025-04-16 09:16:39,993 - ERROR - Advanced encoding /UniJIS-UTF16-H not implemented yet
2025-04-16 09:16:40,002 - ERROR - Advanced encoding /UniJIS-UTF16-H not implemented yet
2025-04-16 09:16:40,021 - ERROR - Advanced encoding /UniJIS-UTF16-H not implemented yet
2025-04-16 09:16:40,030 - ERROR - Advanced encoding /UniJIS-UTF16-H not implemented yet
2025-04-16 09:16:40,032 - INFO - Processed 81 chunks from /home/alrashid/Desktop/RamiChatBot/assets/docs_files/COLIEE_2022_Summary__Methods_for_Legal_Document_Retrieval_and_Entailment_20250416_050536_81b5d163.pdf
2025-04-16 09:16:40,070 - INFO - Processed 9 chunks from /home/alrashid/Desktop/RamiChatBot/assets/docs_files/AlRashid_AlKiswane_Machine_Learning_Engineer_2025_Q2_20250416_044822_339d7bc4.pdf
2025-04-16 09:16:40,107 - INFO - Processed 9 chunks from /home/alrashid/Desktop/RamiChatBot/assets/docs_files/AlRashid_AlKiswane_Machine_Learning_Engineer_2025_Q2_20250416_044821_a93885de.pdf
2025-04-16 09:16:40,144 - INFO - Processed 9 chunks from /home/alrashid/Desktop/RamiChatBot/assets/docs_files/AlRashid_AlKiswane_Machine_Learning_Engineer_2025_Q2_20250416_044824_1e439d76.pdf
2025-04-16 09:16:40,182 - INFO - Processed 9 chunks from /home/alrashid/Desktop/RamiChatBot/assets/docs_files/AlRashid_AlKiswane_Machine_Learning_Engineer_2025_Q2_20250416_044823_677caef3.pdf
2025-04-16 09:16:40,203 - ERROR - Advanced encoding /UniJIS-UTF16-H not implemented yet
2025-04-16 09:16:40,220 - ERROR - Advanced encoding /UniJIS-UTF16-H not implemented yet
2025-04-16 09:16:40,234 - ERROR - Advanced encoding /UniJIS-UTF16-H not implemented yet
2025-04-16 09:16:40,245 - ERROR - Advanced encoding /UniJIS-UTF16-H not implemented yet
2025-04-16 09:16:40,261 - ERROR - Advanced encoding /UniJIS-UTF16-H not implemented yet
2025-04-16 09:16:40,273 - ERROR - Advanced encoding /UniJIS-UTF16-H not implemented yet
2025-04-16 09:16:40,289 - ERROR - Advanced encoding /UniJIS-UTF16-H not implemented yet
2025-04-16 09:16:40,302 - ERROR - Advanced encoding /UniJIS-UTF16-H not implemented yet
2025-04-16 09:16:40,317 - ERROR - Advanced encoding /UniJIS-UTF16-H not implemented yet
2025-04-16 09:16:40,330 - ERROR - Advanced encoding /UniJIS-UTF16-H not implemented yet
2025-04-16 09:16:40,369 - ERROR - Advanced encoding /UniJIS-UTF16-H not implemented yet
2025-04-16 09:16:40,377 - ERROR - Advanced encoding /UniJIS-UTF16-H not implemented yet
2025-04-16 09:16:40,400 - ERROR - Advanced encoding /UniJIS-UTF16-H not implemented yet
2025-04-16 09:16:40,412 - ERROR - Advanced encoding /UniJIS-UTF16-H not implemented yet
2025-04-16 09:16:40,414 - INFO - Processed 81 chunks from /home/alrashid/Desktop/RamiChatBot/assets/docs_files/COLIEE_2022_Summary__Methods_for_Legal_Document_Retrieval_and_Entailment_20250416_051453_2c822c10.pdf
2025-04-16 09:16:40,518 - INFO - Processed 9 chunks from /home/alrashid/Desktop/RamiChatBot/assets/docs_files/AlRashid_AlKiswane_Machine_Learning_Engineer_2025_Q2_20250416_044823_ef749846.pdf
2025-04-16 09:16:40,561 - INFO - Processed 9 chunks from /home/alrashid/Desktop/RamiChatBot/assets/docs_files/AlRashid_AlKiswane_Machine_Learning_Engineer_2025_Q2_20250416_044823_a4fd10c8.pdf
2025-04-16 09:16:40,602 - INFO - Processed 9 chunks from /home/alrashid/Desktop/RamiChatBot/assets/docs_files/AlRashid_AlKiswane_Machine_Learning_Engineer_2025_Q2_20250416_043001_f8af3e3d.pdf
2025-04-16 09:16:40,648 - INFO - Processed 9 chunks from /home/alrashid/Desktop/RamiChatBot/assets/docs_files/AlRashid_AlKiswane_Machine_Learning_Engineer_2025_Q2_20250416_044823_b2beb3b2.pdf
2025-04-16 09:16:40,687 - INFO - Processed 9 chunks from /home/alrashid/Desktop/RamiChatBot/assets/docs_files/AlRashid_AlKiswane_Machine_Learning_Engineer_2025_Q2_20250416_044823_30d4344e.pdf
2025-04-16 09:16:40,726 - INFO - Processed 9 chunks from /home/alrashid/Desktop/RamiChatBot/assets/docs_files/AlRashid_AlKiswane_Machine_Learning_Engineer_2025_Q2_20250416_044822_ad9a0a2c.pdf
2025-04-16 09:16:40,766 - INFO - Processed 9 chunks from /home/alrashid/Desktop/RamiChatBot/assets/docs_files/AlRashid_AlKiswane_Machine_Learning_Engineer_2025_Q2_20250416_044822_093d6c62.pdf
2025-04-16 09:16:40,807 - INFO - Processed 9 chunks from /home/alrashid/Desktop/RamiChatBot/assets/docs_files/AlRashid_AlKiswane_Machine_Learning_Engineer_2025_Q2_20250416_044823_fe2ae86c.pdf
2025-04-16 09:16:40,847 - INFO - Processed 9 chunks from /home/alrashid/Desktop/RamiChatBot/assets/docs_files/AlRashid_AlKiswane_Machine_Learning_Engineer_2025_Q2_20250416_044822_55406d6b.pdf
2025-04-16 09:16:40,890 - INFO - Processed 9 chunks from /home/alrashid/Desktop/RamiChatBot/assets/docs_files/AlRashid_AlKiswane_Machine_Learning_Engineer_2025_Q2_20250416_044821_906787d2.pdf
2025-04-16 09:16:40,891 - INFO - Total number of chunks processed: 615
2025-04-16 09:16:40,891 - INFO - Successfully connected to the database: /home/alrashid/Desktop/RamiChatBot/ChatBotRAG.db
2025-04-16 09:16:40,892 - ERROR - Error inserting chunk(s): 'page_counten'
2025-04-16 09:16:40,896 - DEBUG - Starting new HTTPS connection (1): api.telegram.org:443
2025-04-16 09:16:41,282 - DEBUG - https://api.telegram.org:443 "POST /bot7916874813:AAGTjHZGBTWsJ8bLt-Pwt84o6Y-ezEBoojU/sendMessage HTTP/1.1" 200 373
2025-04-16 09:16:41,283 - INFO - Successfully inserted 615 chunks into the database.
2025-04-16 09:17:41,939 - INFO - Successfully connected to the database: /home/alrashid/Desktop/RamiChatBot/ChatBotRAG.db
2025-04-16 09:17:41,939 - INFO - Table 'chunks' created successfully.
2025-04-16 09:17:41,939 - INFO - Table 'embeddings' created successfully.
2025-04-16 09:17:41,939 - INFO - Table 'query_responses' created successfully.
2025-04-16 09:17:55,963 - INFO - Successfully connected to the database: /home/alrashid/Desktop/RamiChatBot/ChatBotRAG.db
2025-04-16 09:17:55,963 - INFO - Table 'chunks' created successfully.
2025-04-16 09:17:55,963 - INFO - Table 'embeddings' created successfully.
2025-04-16 09:17:55,963 - INFO - Table 'query_responses' created successfully.
2025-04-16 09:17:58,165 - INFO - Successfully connected to the database: /home/alrashid/Desktop/RamiChatBot/ChatBotRAG.db
2025-04-16 09:17:58,165 - INFO - Table 'chunks' created successfully.
2025-04-16 09:17:58,165 - INFO - Table 'embeddings' created successfully.
2025-04-16 09:17:58,165 - INFO - Table 'query_responses' created successfully.
2025-04-16 09:18:00,053 - INFO - Successfully connected to the database: /home/alrashid/Desktop/RamiChatBot/ChatBotRAG.db
2025-04-16 09:18:00,053 - INFO - Table 'chunks' created successfully.
2025-04-16 09:18:00,053 - INFO - Table 'embeddings' created successfully.
2025-04-16 09:18:00,053 - INFO - Table 'query_responses' created successfully.
2025-04-16 09:18:03,978 - INFO - Successfully connected to the database: /home/alrashid/Desktop/RamiChatBot/ChatBotRAG.db
2025-04-16 09:18:03,978 - INFO - Table 'chunks' created successfully.
2025-04-16 09:18:03,978 - INFO - Table 'embeddings' created successfully.
2025-04-16 09:18:03,978 - INFO - Table 'query_responses' created successfully.
2025-04-16 09:18:09,769 - INFO - Successfully connected to the database: /home/alrashid/Desktop/RamiChatBot/ChatBotRAG.db
2025-04-16 09:18:09,769 - INFO - Table 'chunks' created successfully.
2025-04-16 09:18:09,769 - INFO - Table 'embeddings' created successfully.
2025-04-16 09:18:09,769 - INFO - Table 'query_responses' created successfully.
2025-04-16 09:18:11,908 - INFO - Successfully connected to the database: /home/alrashid/Desktop/RamiChatBot/ChatBotRAG.db
2025-04-16 09:18:11,909 - INFO - Table 'chunks' created successfully.
2025-04-16 09:18:11,909 - INFO - Table 'embeddings' created successfully.
2025-04-16 09:18:11,909 - INFO - Table 'query_responses' created successfully.
2025-04-16 09:18:17,828 - INFO - Successfully connected to the database: /home/alrashid/Desktop/RamiChatBot/ChatBotRAG.db
2025-04-16 09:18:17,828 - INFO - Table 'chunks' created successfully.
2025-04-16 09:18:17,828 - INFO - Table 'embeddings' created successfully.
2025-04-16 09:18:17,828 - INFO - Table 'query_responses' created successfully.
2025-04-16 09:18:27,078 - INFO - Successfully connected to the database: /home/alrashid/Desktop/RamiChatBot/ChatBotRAG.db
2025-04-16 09:18:27,078 - INFO - Table 'chunks' created successfully.
2025-04-16 09:18:27,078 - INFO - Table 'embeddings' created successfully.
2025-04-16 09:18:27,078 - INFO - Table 'query_responses' created successfully.
2025-04-16 09:18:31,316 - INFO - Successfully connected to the database: /home/alrashid/Desktop/RamiChatBot/ChatBotRAG.db
2025-04-16 09:18:31,317 - INFO - Table 'chunks' created successfully.
2025-04-16 09:18:31,317 - INFO - Table 'embeddings' created successfully.
2025-04-16 09:18:31,317 - INFO - Table 'query_responses' created successfully.
2025-04-16 09:18:34,774 - INFO - Successfully connected to the database: /home/alrashid/Desktop/RamiChatBot/ChatBotRAG.db
2025-04-16 09:18:34,775 - INFO - Table 'chunks' created successfully.
2025-04-16 09:18:34,775 - INFO - Table 'embeddings' created successfully.
2025-04-16 09:18:34,775 - INFO - Table 'query_responses' created successfully.
2025-04-16 09:18:44,260 - INFO - Successfully connected to the database: /home/alrashid/Desktop/RamiChatBot/ChatBotRAG.db
2025-04-16 09:18:44,260 - INFO - Table 'chunks' created successfully.
2025-04-16 09:18:44,260 - INFO - Table 'embeddings' created successfully.
2025-04-16 09:18:44,260 - INFO - Table 'query_responses' created successfully.
2025-04-16 09:18:46,405 - INFO - Successfully connected to the database: /home/alrashid/Desktop/RamiChatBot/ChatBotRAG.db
2025-04-16 09:18:46,405 - INFO - Table 'chunks' created successfully.
2025-04-16 09:18:46,405 - INFO - Table 'embeddings' created successfully.
2025-04-16 09:18:46,405 - INFO - Table 'query_responses' created successfully.
2025-04-16 09:18:52,459 - INFO - Successfully connected to the database: /home/alrashid/Desktop/RamiChatBot/ChatBotRAG.db
2025-04-16 09:18:52,460 - INFO - Table 'chunks' created successfully.
2025-04-16 09:18:52,460 - INFO - Table 'embeddings' created successfully.
2025-04-16 09:18:52,460 - INFO - Table 'query_responses' created successfully.
2025-04-16 09:18:58,928 - INFO - Successfully connected to the database: /home/alrashid/Desktop/RamiChatBot/ChatBotRAG.db
2025-04-16 09:18:58,928 - INFO - Table 'chunks' created successfully.
2025-04-16 09:18:58,928 - INFO - Table 'embeddings' created successfully.
2025-04-16 09:18:58,928 - INFO - Table 'query_responses' created successfully.
2025-04-16 09:19:00,029 - INFO - Successfully connected to the database: /home/alrashid/Desktop/RamiChatBot/ChatBotRAG.db
2025-04-16 09:19:00,029 - INFO - Table 'chunks' created successfully.
2025-04-16 09:19:00,029 - INFO - Table 'embeddings' created successfully.
2025-04-16 09:19:00,029 - INFO - Table 'query_responses' created successfully.
2025-04-16 09:19:10,779 - INFO - Starting chunking for: [ALL DOCUMENTS]
2025-04-16 09:19:10,873 - INFO - Processed 9 chunks from /home/alrashid/Desktop/RamiChatBot/assets/docs_files/AlRashid_AlKiswane_Machine_Learning_Engineer_2025_Q2_20250416_044824_c4da5e0b.pdf
2025-04-16 09:19:10,914 - INFO - Processed 9 chunks from /home/alrashid/Desktop/RamiChatBot/assets/docs_files/AlRashid_AlKiswane_Machine_Learning_Engineer_2025_Q2_20250416_044822_834182ee.pdf
2025-04-16 09:19:10,933 - ERROR - Advanced encoding /UniJIS-UTF16-H not implemented yet
2025-04-16 09:19:10,949 - ERROR - Advanced encoding /UniJIS-UTF16-H not implemented yet
2025-04-16 09:19:10,959 - ERROR - Advanced encoding /UniJIS-UTF16-H not implemented yet
2025-04-16 09:19:10,968 - ERROR - Advanced encoding /UniJIS-UTF16-H not implemented yet
2025-04-16 09:19:10,983 - ERROR - Advanced encoding /UniJIS-UTF16-H not implemented yet
2025-04-16 09:19:10,994 - ERROR - Advanced encoding /UniJIS-UTF16-H not implemented yet
2025-04-16 09:19:11,010 - ERROR - Advanced encoding /UniJIS-UTF16-H not implemented yet
2025-04-16 09:19:11,021 - ERROR - Advanced encoding /UniJIS-UTF16-H not implemented yet
2025-04-16 09:19:11,035 - ERROR - Advanced encoding /UniJIS-UTF16-H not implemented yet
2025-04-16 09:19:11,045 - ERROR - Advanced encoding /UniJIS-UTF16-H not implemented yet
2025-04-16 09:19:11,137 - ERROR - Advanced encoding /UniJIS-UTF16-H not implemented yet
2025-04-16 09:19:11,146 - ERROR - Advanced encoding /UniJIS-UTF16-H not implemented yet
2025-04-16 09:19:11,165 - ERROR - Advanced encoding /UniJIS-UTF16-H not implemented yet
2025-04-16 09:19:11,175 - ERROR - Advanced encoding /UniJIS-UTF16-H not implemented yet
2025-04-16 09:19:11,177 - INFO - Processed 81 chunks from /home/alrashid/Desktop/RamiChatBot/assets/docs_files/COLIEE_2022_Summary__Methods_for_Legal_Document_Retrieval_and_Entailment_20250416_050731_5279e6d8.pdf
2025-04-16 09:19:11,215 - INFO - Processed 9 chunks from /home/alrashid/Desktop/RamiChatBot/assets/docs_files/AlRashid_AlKiswane_Machine_Learning_Engineer_2025_Q2_20250416_044824_efa7fb77.pdf
2025-04-16 09:19:11,256 - INFO - Processed 9 chunks from /home/alrashid/Desktop/RamiChatBot/assets/docs_files/AlRashid_AlKiswane_Machine_Learning_Engineer_2025_Q2_20250416_044824_71232bc0.pdf
2025-04-16 09:19:11,293 - INFO - Processed 9 chunks from /home/alrashid/Desktop/RamiChatBot/assets/docs_files/AlRashid_AlKiswane_Machine_Learning_Engineer_2025_Q2_20250416_044821_0d9e9678.pdf
2025-04-16 09:19:11,330 - INFO - Processed 9 chunks from /home/alrashid/Desktop/RamiChatBot/assets/docs_files/AlRashid_AlKiswane_Machine_Learning_Engineer_2025_Q2_20250416_044822_b9799021.pdf
2025-04-16 09:19:11,368 - INFO - Processed 9 chunks from /home/alrashid/Desktop/RamiChatBot/assets/docs_files/AlRashid_AlKiswane_Machine_Learning_Engineer_2025_Q2_20250416_044824_a1adfee4.pdf
2025-04-16 09:19:11,407 - INFO - Processed 9 chunks from /home/alrashid/Desktop/RamiChatBot/assets/docs_files/AlRashid_AlKiswane_Machine_Learning_Engineer_2025_Q2_20250416_044821_6fb96c9a.pdf
2025-04-16 09:19:11,639 - INFO - Processed 165 chunks from /home/alrashid/Desktop/RamiChatBot/assets/docs_files/s10506_024_09396_9_20250416_052304_6ebcd3f0.pdf
2025-04-16 09:19:11,678 - INFO - Processed 9 chunks from /home/alrashid/Desktop/RamiChatBot/assets/docs_files/AlRashid_AlKiswane_Machine_Learning_Engineer_2025_Q2_20250416_044824_687a10cd.pdf
2025-04-16 09:19:11,698 - ERROR - Advanced encoding /UniJIS-UTF16-H not implemented yet
2025-04-16 09:19:11,716 - ERROR - Advanced encoding /UniJIS-UTF16-H not implemented yet
2025-04-16 09:19:11,726 - ERROR - Advanced encoding /UniJIS-UTF16-H not implemented yet
2025-04-16 09:19:11,736 - ERROR - Advanced encoding /UniJIS-UTF16-H not implemented yet
2025-04-16 09:19:11,751 - ERROR - Advanced encoding /UniJIS-UTF16-H not implemented yet
2025-04-16 09:19:11,763 - ERROR - Advanced encoding /UniJIS-UTF16-H not implemented yet
2025-04-16 09:19:11,780 - ERROR - Advanced encoding /UniJIS-UTF16-H not implemented yet
2025-04-16 09:19:11,792 - ERROR - Advanced encoding /UniJIS-UTF16-H not implemented yet
2025-04-16 09:19:11,807 - ERROR - Advanced encoding /UniJIS-UTF16-H not implemented yet
2025-04-16 09:19:11,818 - ERROR - Advanced encoding /UniJIS-UTF16-H not implemented yet
2025-04-16 09:19:11,856 - ERROR - Advanced encoding /UniJIS-UTF16-H not implemented yet
2025-04-16 09:19:11,864 - ERROR - Advanced encoding /UniJIS-UTF16-H not implemented yet
2025-04-16 09:19:11,884 - ERROR - Advanced encoding /UniJIS-UTF16-H not implemented yet
2025-04-16 09:19:11,894 - ERROR - Advanced encoding /UniJIS-UTF16-H not implemented yet
2025-04-16 09:19:11,896 - INFO - Processed 81 chunks from /home/alrashid/Desktop/RamiChatBot/assets/docs_files/COLIEE_2022_Summary__Methods_for_Legal_Document_Retrieval_and_Entailment_20250416_050536_81b5d163.pdf
2025-04-16 09:19:11,934 - INFO - Processed 9 chunks from /home/alrashid/Desktop/RamiChatBot/assets/docs_files/AlRashid_AlKiswane_Machine_Learning_Engineer_2025_Q2_20250416_044822_339d7bc4.pdf
2025-04-16 09:19:11,973 - INFO - Processed 9 chunks from /home/alrashid/Desktop/RamiChatBot/assets/docs_files/AlRashid_AlKiswane_Machine_Learning_Engineer_2025_Q2_20250416_044821_a93885de.pdf
2025-04-16 09:19:12,010 - INFO - Processed 9 chunks from /home/alrashid/Desktop/RamiChatBot/assets/docs_files/AlRashid_AlKiswane_Machine_Learning_Engineer_2025_Q2_20250416_044824_1e439d76.pdf
2025-04-16 09:19:12,047 - INFO - Processed 9 chunks from /home/alrashid/Desktop/RamiChatBot/assets/docs_files/AlRashid_AlKiswane_Machine_Learning_Engineer_2025_Q2_20250416_044823_677caef3.pdf
2025-04-16 09:19:12,071 - ERROR - Advanced encoding /UniJIS-UTF16-H not implemented yet
2025-04-16 09:19:12,090 - ERROR - Advanced encoding /UniJIS-UTF16-H not implemented yet
2025-04-16 09:19:12,107 - ERROR - Advanced encoding /UniJIS-UTF16-H not implemented yet
2025-04-16 09:19:12,122 - ERROR - Advanced encoding /UniJIS-UTF16-H not implemented yet
2025-04-16 09:19:12,139 - ERROR - Advanced encoding /UniJIS-UTF16-H not implemented yet
2025-04-16 09:19:12,151 - ERROR - Advanced encoding /UniJIS-UTF16-H not implemented yet
2025-04-16 09:19:12,168 - ERROR - Advanced encoding /UniJIS-UTF16-H not implemented yet
2025-04-16 09:19:12,179 - ERROR - Advanced encoding /UniJIS-UTF16-H not implemented yet
2025-04-16 09:19:12,193 - ERROR - Advanced encoding /UniJIS-UTF16-H not implemented yet
2025-04-16 09:19:12,203 - ERROR - Advanced encoding /UniJIS-UTF16-H not implemented yet
2025-04-16 09:19:12,245 - ERROR - Advanced encoding /UniJIS-UTF16-H not implemented yet
2025-04-16 09:19:12,254 - ERROR - Advanced encoding /UniJIS-UTF16-H not implemented yet
2025-04-16 09:19:12,274 - ERROR - Advanced encoding /UniJIS-UTF16-H not implemented yet
2025-04-16 09:19:12,284 - ERROR - Advanced encoding /UniJIS-UTF16-H not implemented yet
2025-04-16 09:19:12,285 - INFO - Processed 81 chunks from /home/alrashid/Desktop/RamiChatBot/assets/docs_files/COLIEE_2022_Summary__Methods_for_Legal_Document_Retrieval_and_Entailment_20250416_051453_2c822c10.pdf
2025-04-16 09:19:12,378 - INFO - Processed 9 chunks from /home/alrashid/Desktop/RamiChatBot/assets/docs_files/AlRashid_AlKiswane_Machine_Learning_Engineer_2025_Q2_20250416_044823_ef749846.pdf
2025-04-16 09:19:12,415 - INFO - Processed 9 chunks from /home/alrashid/Desktop/RamiChatBot/assets/docs_files/AlRashid_AlKiswane_Machine_Learning_Engineer_2025_Q2_20250416_044823_a4fd10c8.pdf
2025-04-16 09:19:12,453 - INFO - Processed 9 chunks from /home/alrashid/Desktop/RamiChatBot/assets/docs_files/AlRashid_AlKiswane_Machine_Learning_Engineer_2025_Q2_20250416_043001_f8af3e3d.pdf
2025-04-16 09:19:12,490 - INFO - Processed 9 chunks from /home/alrashid/Desktop/RamiChatBot/assets/docs_files/AlRashid_AlKiswane_Machine_Learning_Engineer_2025_Q2_20250416_044823_b2beb3b2.pdf
2025-04-16 09:19:12,526 - INFO - Processed 9 chunks from /home/alrashid/Desktop/RamiChatBot/assets/docs_files/AlRashid_AlKiswane_Machine_Learning_Engineer_2025_Q2_20250416_044823_30d4344e.pdf
2025-04-16 09:19:12,562 - INFO - Processed 9 chunks from /home/alrashid/Desktop/RamiChatBot/assets/docs_files/AlRashid_AlKiswane_Machine_Learning_Engineer_2025_Q2_20250416_044822_ad9a0a2c.pdf
2025-04-16 09:19:12,599 - INFO - Processed 9 chunks from /home/alrashid/Desktop/RamiChatBot/assets/docs_files/AlRashid_AlKiswane_Machine_Learning_Engineer_2025_Q2_20250416_044822_093d6c62.pdf
2025-04-16 09:19:12,636 - INFO - Processed 9 chunks from /home/alrashid/Desktop/RamiChatBot/assets/docs_files/AlRashid_AlKiswane_Machine_Learning_Engineer_2025_Q2_20250416_044823_fe2ae86c.pdf
2025-04-16 09:19:12,672 - INFO - Processed 9 chunks from /home/alrashid/Desktop/RamiChatBot/assets/docs_files/AlRashid_AlKiswane_Machine_Learning_Engineer_2025_Q2_20250416_044822_55406d6b.pdf
2025-04-16 09:19:12,708 - INFO - Processed 9 chunks from /home/alrashid/Desktop/RamiChatBot/assets/docs_files/AlRashid_AlKiswane_Machine_Learning_Engineer_2025_Q2_20250416_044821_906787d2.pdf
2025-04-16 09:19:12,709 - INFO - Total number of chunks processed: 615
2025-04-16 09:19:12,709 - INFO - Successfully connected to the database: /home/alrashid/Desktop/RamiChatBot/ChatBotRAG.db
2025-04-16 09:19:12,710 - ERROR - Error inserting chunk(s): table chunks has no column named page_contest
2025-04-16 09:19:12,714 - DEBUG - Starting new HTTPS connection (1): api.telegram.org:443
2025-04-16 09:19:13,022 - DEBUG - https://api.telegram.org:443 "POST /bot7916874813:AAGTjHZGBTWsJ8bLt-Pwt84o6Y-ezEBoojU/sendMessage HTTP/1.1" 200 404
2025-04-16 09:19:13,023 - INFO - Successfully inserted 615 chunks into the database.
2025-04-16 09:19:47,198 - INFO - Successfully connected to the database: /home/alrashid/Desktop/RamiChatBot/ChatBotRAG.db
2025-04-16 09:19:47,198 - INFO - Table 'chunks' created successfully.
2025-04-16 09:19:47,199 - INFO - Table 'embeddings' created successfully.
2025-04-16 09:19:47,199 - INFO - Table 'query_responses' created successfully.
2025-04-16 09:19:49,338 - INFO - Successfully connected to the database: /home/alrashid/Desktop/RamiChatBot/ChatBotRAG.db
2025-04-16 09:19:49,338 - INFO - Table 'chunks' created successfully.
2025-04-16 09:19:49,339 - INFO - Table 'embeddings' created successfully.
2025-04-16 09:19:49,339 - INFO - Table 'query_responses' created successfully.
2025-04-16 09:19:52,271 - INFO - Successfully connected to the database: /home/alrashid/Desktop/RamiChatBot/ChatBotRAG.db
2025-04-16 09:19:52,272 - INFO - Table 'chunks' created successfully.
2025-04-16 09:19:52,272 - INFO - Table 'embeddings' created successfully.
2025-04-16 09:19:52,272 - INFO - Table 'query_responses' created successfully.
2025-04-16 09:19:56,203 - INFO - Successfully connected to the database: /home/alrashid/Desktop/RamiChatBot/ChatBotRAG.db
2025-04-16 09:19:56,204 - INFO - Table 'chunks' created successfully.
2025-04-16 09:19:56,204 - INFO - Table 'embeddings' created successfully.
2025-04-16 09:19:56,204 - INFO - Table 'query_responses' created successfully.
2025-04-16 09:19:57,179 - INFO - Successfully connected to the database: /home/alrashid/Desktop/RamiChatBot/ChatBotRAG.db
2025-04-16 09:19:57,180 - INFO - Table 'chunks' created successfully.
2025-04-16 09:19:57,180 - INFO - Table 'embeddings' created successfully.
2025-04-16 09:19:57,180 - INFO - Table 'query_responses' created successfully.
2025-04-16 09:20:05,655 - INFO - Successfully connected to the database: /home/alrashid/Desktop/RamiChatBot/ChatBotRAG.db
2025-04-16 09:20:05,660 - INFO - Table 'chunks' created successfully.
2025-04-16 09:20:05,664 - INFO - Table 'embeddings' created successfully.
2025-04-16 09:20:05,668 - INFO - Table 'query_responses' created successfully.
2025-04-16 09:20:09,166 - INFO - Starting chunking for: [ALL DOCUMENTS]
2025-04-16 09:20:09,262 - INFO - Processed 9 chunks from /home/alrashid/Desktop/RamiChatBot/assets/docs_files/AlRashid_AlKiswane_Machine_Learning_Engineer_2025_Q2_20250416_044824_c4da5e0b.pdf
2025-04-16 09:20:09,303 - INFO - Processed 9 chunks from /home/alrashid/Desktop/RamiChatBot/assets/docs_files/AlRashid_AlKiswane_Machine_Learning_Engineer_2025_Q2_20250416_044822_834182ee.pdf
2025-04-16 09:20:09,324 - ERROR - Advanced encoding /UniJIS-UTF16-H not implemented yet
2025-04-16 09:20:09,340 - ERROR - Advanced encoding /UniJIS-UTF16-H not implemented yet
2025-04-16 09:20:09,351 - ERROR - Advanced encoding /UniJIS-UTF16-H not implemented yet
2025-04-16 09:20:09,361 - ERROR - Advanced encoding /UniJIS-UTF16-H not implemented yet
2025-04-16 09:20:09,375 - ERROR - Advanced encoding /UniJIS-UTF16-H not implemented yet
2025-04-16 09:20:09,387 - ERROR - Advanced encoding /UniJIS-UTF16-H not implemented yet
2025-04-16 09:20:09,404 - ERROR - Advanced encoding /UniJIS-UTF16-H not implemented yet
2025-04-16 09:20:09,415 - ERROR - Advanced encoding /UniJIS-UTF16-H not implemented yet
2025-04-16 09:20:09,429 - ERROR - Advanced encoding /UniJIS-UTF16-H not implemented yet
2025-04-16 09:20:09,439 - ERROR - Advanced encoding /UniJIS-UTF16-H not implemented yet
2025-04-16 09:20:09,527 - ERROR - Advanced encoding /UniJIS-UTF16-H not implemented yet
2025-04-16 09:20:09,536 - ERROR - Advanced encoding /UniJIS-UTF16-H not implemented yet
2025-04-16 09:20:09,557 - ERROR - Advanced encoding /UniJIS-UTF16-H not implemented yet
2025-04-16 09:20:09,568 - ERROR - Advanced encoding /UniJIS-UTF16-H not implemented yet
2025-04-16 09:20:09,570 - INFO - Processed 81 chunks from /home/alrashid/Desktop/RamiChatBot/assets/docs_files/COLIEE_2022_Summary__Methods_for_Legal_Document_Retrieval_and_Entailment_20250416_050731_5279e6d8.pdf
2025-04-16 09:20:09,613 - INFO - Processed 9 chunks from /home/alrashid/Desktop/RamiChatBot/assets/docs_files/AlRashid_AlKiswane_Machine_Learning_Engineer_2025_Q2_20250416_044824_efa7fb77.pdf
2025-04-16 09:20:09,654 - INFO - Processed 9 chunks from /home/alrashid/Desktop/RamiChatBot/assets/docs_files/AlRashid_AlKiswane_Machine_Learning_Engineer_2025_Q2_20250416_044824_71232bc0.pdf
2025-04-16 09:20:09,696 - INFO - Processed 9 chunks from /home/alrashid/Desktop/RamiChatBot/assets/docs_files/AlRashid_AlKiswane_Machine_Learning_Engineer_2025_Q2_20250416_044821_0d9e9678.pdf
2025-04-16 09:20:09,738 - INFO - Processed 9 chunks from /home/alrashid/Desktop/RamiChatBot/assets/docs_files/AlRashid_AlKiswane_Machine_Learning_Engineer_2025_Q2_20250416_044822_b9799021.pdf
2025-04-16 09:20:09,777 - INFO - Processed 9 chunks from /home/alrashid/Desktop/RamiChatBot/assets/docs_files/AlRashid_AlKiswane_Machine_Learning_Engineer_2025_Q2_20250416_044824_a1adfee4.pdf
2025-04-16 09:20:09,815 - INFO - Processed 9 chunks from /home/alrashid/Desktop/RamiChatBot/assets/docs_files/AlRashid_AlKiswane_Machine_Learning_Engineer_2025_Q2_20250416_044821_6fb96c9a.pdf
2025-04-16 09:20:10,045 - INFO - Processed 165 chunks from /home/alrashid/Desktop/RamiChatBot/assets/docs_files/s10506_024_09396_9_20250416_052304_6ebcd3f0.pdf
2025-04-16 09:20:10,082 - INFO - Processed 9 chunks from /home/alrashid/Desktop/RamiChatBot/assets/docs_files/AlRashid_AlKiswane_Machine_Learning_Engineer_2025_Q2_20250416_044824_687a10cd.pdf
2025-04-16 09:20:10,102 - ERROR - Advanced encoding /UniJIS-UTF16-H not implemented yet
2025-04-16 09:20:10,119 - ERROR - Advanced encoding /UniJIS-UTF16-H not implemented yet
2025-04-16 09:20:10,130 - ERROR - Advanced encoding /UniJIS-UTF16-H not implemented yet
2025-04-16 09:20:10,139 - ERROR - Advanced encoding /UniJIS-UTF16-H not implemented yet
2025-04-16 09:20:10,153 - ERROR - Advanced encoding /UniJIS-UTF16-H not implemented yet
2025-04-16 09:20:10,165 - ERROR - Advanced encoding /UniJIS-UTF16-H not implemented yet
2025-04-16 09:20:10,181 - ERROR - Advanced encoding /UniJIS-UTF16-H not implemented yet
2025-04-16 09:20:10,192 - ERROR - Advanced encoding /UniJIS-UTF16-H not implemented yet
2025-04-16 09:20:10,206 - ERROR - Advanced encoding /UniJIS-UTF16-H not implemented yet
2025-04-16 09:20:10,217 - ERROR - Advanced encoding /UniJIS-UTF16-H not implemented yet
2025-04-16 09:20:10,263 - ERROR - Advanced encoding /UniJIS-UTF16-H not implemented yet
2025-04-16 09:20:10,272 - ERROR - Advanced encoding /UniJIS-UTF16-H not implemented yet
2025-04-16 09:20:10,293 - ERROR - Advanced encoding /UniJIS-UTF16-H not implemented yet
2025-04-16 09:20:10,303 - ERROR - Advanced encoding /UniJIS-UTF16-H not implemented yet
2025-04-16 09:20:10,305 - INFO - Processed 81 chunks from /home/alrashid/Desktop/RamiChatBot/assets/docs_files/COLIEE_2022_Summary__Methods_for_Legal_Document_Retrieval_and_Entailment_20250416_050536_81b5d163.pdf
2025-04-16 09:20:10,344 - INFO - Processed 9 chunks from /home/alrashid/Desktop/RamiChatBot/assets/docs_files/AlRashid_AlKiswane_Machine_Learning_Engineer_2025_Q2_20250416_044822_339d7bc4.pdf
2025-04-16 09:20:10,382 - INFO - Processed 9 chunks from /home/alrashid/Desktop/RamiChatBot/assets/docs_files/AlRashid_AlKiswane_Machine_Learning_Engineer_2025_Q2_20250416_044821_a93885de.pdf
2025-04-16 09:20:10,418 - INFO - Processed 9 chunks from /home/alrashid/Desktop/RamiChatBot/assets/docs_files/AlRashid_AlKiswane_Machine_Learning_Engineer_2025_Q2_20250416_044824_1e439d76.pdf
2025-04-16 09:20:10,458 - INFO - Processed 9 chunks from /home/alrashid/Desktop/RamiChatBot/assets/docs_files/AlRashid_AlKiswane_Machine_Learning_Engineer_2025_Q2_20250416_044823_677caef3.pdf
2025-04-16 09:20:10,477 - ERROR - Advanced encoding /UniJIS-UTF16-H not implemented yet
2025-04-16 09:20:10,493 - ERROR - Advanced encoding /UniJIS-UTF16-H not implemented yet
2025-04-16 09:20:10,502 - ERROR - Advanced encoding /UniJIS-UTF16-H not implemented yet
2025-04-16 09:20:10,513 - ERROR - Advanced encoding /UniJIS-UTF16-H not implemented yet
2025-04-16 09:20:10,527 - ERROR - Advanced encoding /UniJIS-UTF16-H not implemented yet
2025-04-16 09:20:10,538 - ERROR - Advanced encoding /UniJIS-UTF16-H not implemented yet
2025-04-16 09:20:10,554 - ERROR - Advanced encoding /UniJIS-UTF16-H not implemented yet
2025-04-16 09:20:10,565 - ERROR - Advanced encoding /UniJIS-UTF16-H not implemented yet
2025-04-16 09:20:10,579 - ERROR - Advanced encoding /UniJIS-UTF16-H not implemented yet
2025-04-16 09:20:10,588 - ERROR - Advanced encoding /UniJIS-UTF16-H not implemented yet
2025-04-16 09:20:10,627 - ERROR - Advanced encoding /UniJIS-UTF16-H not implemented yet
2025-04-16 09:20:10,635 - ERROR - Advanced encoding /UniJIS-UTF16-H not implemented yet
2025-04-16 09:20:10,661 - ERROR - Advanced encoding /UniJIS-UTF16-H not implemented yet
2025-04-16 09:20:10,671 - ERROR - Advanced encoding /UniJIS-UTF16-H not implemented yet
2025-04-16 09:20:10,673 - INFO - Processed 81 chunks from /home/alrashid/Desktop/RamiChatBot/assets/docs_files/COLIEE_2022_Summary__Methods_for_Legal_Document_Retrieval_and_Entailment_20250416_051453_2c822c10.pdf
2025-04-16 09:20:10,774 - INFO - Processed 9 chunks from /home/alrashid/Desktop/RamiChatBot/assets/docs_files/AlRashid_AlKiswane_Machine_Learning_Engineer_2025_Q2_20250416_044823_ef749846.pdf
2025-04-16 09:20:10,814 - INFO - Processed 9 chunks from /home/alrashid/Desktop/RamiChatBot/assets/docs_files/AlRashid_AlKiswane_Machine_Learning_Engineer_2025_Q2_20250416_044823_a4fd10c8.pdf
2025-04-16 09:20:10,852 - INFO - Processed 9 chunks from /home/alrashid/Desktop/RamiChatBot/assets/docs_files/AlRashid_AlKiswane_Machine_Learning_Engineer_2025_Q2_20250416_043001_f8af3e3d.pdf
2025-04-16 09:20:10,891 - INFO - Processed 9 chunks from /home/alrashid/Desktop/RamiChatBot/assets/docs_files/AlRashid_AlKiswane_Machine_Learning_Engineer_2025_Q2_20250416_044823_b2beb3b2.pdf
2025-04-16 09:20:10,928 - INFO - Processed 9 chunks from /home/alrashid/Desktop/RamiChatBot/assets/docs_files/AlRashid_AlKiswane_Machine_Learning_Engineer_2025_Q2_20250416_044823_30d4344e.pdf
2025-04-16 09:20:10,965 - INFO - Processed 9 chunks from /home/alrashid/Desktop/RamiChatBot/assets/docs_files/AlRashid_AlKiswane_Machine_Learning_Engineer_2025_Q2_20250416_044822_ad9a0a2c.pdf
2025-04-16 09:20:11,003 - INFO - Processed 9 chunks from /home/alrashid/Desktop/RamiChatBot/assets/docs_files/AlRashid_AlKiswane_Machine_Learning_Engineer_2025_Q2_20250416_044822_093d6c62.pdf
2025-04-16 09:20:11,039 - INFO - Processed 9 chunks from /home/alrashid/Desktop/RamiChatBot/assets/docs_files/AlRashid_AlKiswane_Machine_Learning_Engineer_2025_Q2_20250416_044823_fe2ae86c.pdf
2025-04-16 09:20:11,077 - INFO - Processed 9 chunks from /home/alrashid/Desktop/RamiChatBot/assets/docs_files/AlRashid_AlKiswane_Machine_Learning_Engineer_2025_Q2_20250416_044822_55406d6b.pdf
2025-04-16 09:20:11,114 - INFO - Processed 9 chunks from /home/alrashid/Desktop/RamiChatBot/assets/docs_files/AlRashid_AlKiswane_Machine_Learning_Engineer_2025_Q2_20250416_044821_906787d2.pdf
2025-04-16 09:20:11,115 - INFO - Total number of chunks processed: 615
2025-04-16 09:20:11,115 - INFO - Successfully connected to the database: /home/alrashid/Desktop/RamiChatBot/ChatBotRAG.db
2025-04-16 09:20:11,125 - INFO - Inserted 615 chunk(s) into 'chunks' table.
2025-04-16 09:20:11,125 - INFO - Successfully inserted 615 chunks into the database.
